<?xml version="1.0" encoding="UTF-8"?>
<!-- Generated by org.testng.reporters.JUnitXMLReporter -->
<testsuite ignored="0" hostname="LAPTOP-LDENJ3O6" failures="0" tests="3" name="Surefire test" time="1338.47" errors="0" timestamp="2026-05-17T00:10:47 BST">
  <testcase classname="com.example.base.BaseTest" name="@BeforeClass setup" time="1338.377">
    <failure type="org.openqa.selenium.SessionNotCreatedException" message="Could not start a new session. Possible causes are invalid address of the remote server or browser start-up failure. 
Host info: host: &amp;apos;LAPTOP-LDENJ3O6&amp;apos;, ip: &amp;apos;192.168.0.69&amp;apos;">
      <![CDATA[org.openqa.selenium.SessionNotCreatedException: Could not start a new session. Possible causes are invalid address of the remote server or browser start-up failure. 
Host info: host: 'LAPTOP-LDENJ3O6', ip: '192.168.0.69'
at org.openqa.selenium.remote.RemoteWebDriver.execute(RemoteWebDriver.java:563)
at org.openqa.selenium.remote.RemoteWebDriver.startSession(RemoteWebDriver.java:245)
at org.openqa.selenium.remote.RemoteWebDriver.<init>(RemoteWebDriver.java:174)
at org.openqa.selenium.chromium.ChromiumDriver.<init>(ChromiumDriver.java:110)
at org.openqa.selenium.chrome.ChromeDriver.<init>(ChromeDriver.java:88)
at org.openqa.selenium.chrome.ChromeDriver.<init>(ChromeDriver.java:83)
at org.openqa.selenium.chrome.ChromeDriver.<init>(ChromeDriver.java:51)
at com.example.base.BaseTest.setup(BaseTest.java:22)
at java.base/java.util.ArrayList.forEach(ArrayList.java:1596)
Caused by: org.openqa.selenium.WebDriverException: Timed out waiting for driver server to bind the port.
Build info: version: '4.32.0', revision: 'd17c8aa950'
System info: os.name: 'Windows 11', os.arch: 'amd64', os.version: '10.0', java.version: '21.0.10'
Driver info: driver.version: ChromeDriver
at org.openqa.selenium.remote.service.DriverService.start(DriverService.java:252)
at org.openqa.selenium.remote.service.DriverCommandExecutor.execute(DriverCommandExecutor.java:117)
at org.openqa.selenium.remote.RemoteWebDriver.execute(RemoteWebDriver.java:545)
... 36 more
... Removed 28 stack frames]]>
    </failure>
  </testcase> <!-- @BeforeClass setup -->
  <testcase classname="com.example.base.BaseTest" name="@BeforeMethod loadApplication" time="0.0">
    <skipped/>
  </testcase> <!-- @BeforeMethod loadApplication -->
  <testcase classname="com.example.base.BaseTest" name="@BeforeMethod loadApplication" time="0.0">
    <skipped/>
  </testcase> <!-- @BeforeMethod loadApplication -->
  <testcase classname="com.example.base.BaseTest" name="@BeforeMethod loadApplication" time="0.0">
    <skipped/>
  </testcase> <!-- @BeforeMethod loadApplication -->
  <testcase classname="com.example.base.BaseTest" name="@AfterClass tearDown" time="0.0">
    <skipped/>
  </testcase> <!-- @AfterClass tearDown -->
  <testcase classname="com.example.tests.LoginTest" name="adminLoginTest" time="0.0">
    <skipped/>
  </testcase> <!-- adminLoginTest -->
  <testcase classname="com.example.tests.LoginTest" name="failingLoginTest" time="0.0">
    <skipped/>
  </testcase> <!-- failingLoginTest -->
  <testcase classname="com.example.tests.LoginTest" name="testerLoginTest" time="0.0">
    <skipped/>
  </testcase> <!-- testerLoginTest -->
</testsuite> <!-- Surefire test -->
